<?xml version="1.0" encoding="UTF-8"?>
<testsuite xmlns:xsi="http://www.w3.org/2001/XMLSchema-instance" xsi:noNamespaceSchemaLocation="https://maven.apache.org/surefire/maven-surefire-plugin/xsd/surefire-test-report.xsd" name="com.antel.picker.PickerApplicationTests" time="7.995" tests="1" errors="0" skipped="0" failures="0">
  <properties>
    <property name="sun.desktop" value="windows"/>
    <property name="awt.toolkit" value="sun.awt.windows.WToolkit"/>
    <property name="file.encoding.pkg" value="sun.io"/>
    <property name="java.specification.version" value="1.8"/>
    <property name="sun.cpu.isalist" value="amd64"/>
    <property name="sun.jnu.encoding" value="GBK"/>
    <property name="java.class.path" value="C:\local\code\picker\target\test-classes;C:\local\code\picker\target\classes;C:\local\apache-maven-3.3.9\repository\org\springframework\boot\spring-boot-starter-data-jdbc\2.2.2.RELEASE\spring-boot-starter-data-jdbc-2.2.2.RELEASE.jar;C:\local\apache-maven-3.3.9\repository\org\springframework\boot\spring-boot-starter-jdbc\2.2.2.RELEASE\spring-boot-starter-jdbc-2.2.2.RELEASE.jar;C:\local\apache-maven-3.3.9\repository\com\zaxxer\HikariCP\3.4.1\HikariCP-3.4.1.jar;C:\local\apache-maven-3.3.9\repository\org\springframework\spring-jdbc\5.2.2.RELEASE\spring-jdbc-5.2.2.RELEASE.jar;C:\local\apache-maven-3.3.9\repository\org\springframework\data\spring-data-jdbc\1.1.3.RELEASE\spring-data-jdbc-1.1.3.RELEASE.jar;C:\local\apache-maven-3.3.9\repository\org\springframework\data\spring-data-relational\1.1.3.RELEASE\spring-data-relational-1.1.3.RELEASE.jar;C:\local\apache-maven-3.3.9\repository\org\springframework\data\spring-data-commons\2.2.3.RELEASE\spring-data-commons-2.2.3.RELEASE.jar;C:\local\apache-maven-3.3.9\repository\org\springframework\spring-tx\5.2.2.RELEASE\spring-tx-5.2.2.RELEASE.jar;C:\local\apache-maven-3.3.9\repository\org\springframework\spring-context\5.2.2.RELEASE\spring-context-5.2.2.RELEASE.jar;C:\local\apache-maven-3.3.9\repository\org\springframework\spring-beans\5.2.2.RELEASE\spring-beans-5.2.2.RELEASE.jar;C:\local\apache-maven-3.3.9\repository\org\slf4j\slf4j-api\1.7.29\slf4j-api-1.7.29.jar;C:\local\apache-maven-3.3.9\repository\org\springframework\boot\spring-boot-starter-thymeleaf\2.2.2.RELEASE\spring-boot-starter-thymeleaf-2.2.2.RELEASE.jar;C:\local\apache-maven-3.3.9\repository\org\springframework\boot\spring-boot-starter\2.2.2.RELEASE\spring-boot-starter-2.2.2.RELEASE.jar;C:\local\apache-maven-3.3.9\repository\org\springframework\boot\spring-boot\2.2.2.RELEASE\spring-boot-2.2.2.RELEASE.jar;C:\local\apache-maven-3.3.9\repository\org\springframework\boot\spring-boot-autoconfigure\2.2.2.RELEASE\spring-boot-autoconfigure-2.2.2.RELEASE.jar;C:\local\apache-maven-3.3.9\repository\org\springframework\boot\spring-boot-starter-logging\2.2.2.RELEASE\spring-boot-starter-logging-2.2.2.RELEASE.jar;C:\local\apache-maven-3.3.9\repository\ch\qos\logback\logback-classic\1.2.3\logback-classic-1.2.3.jar;C:\local\apache-maven-3.3.9\repository\ch\qos\logback\logback-core\1.2.3\logback-core-1.2.3.jar;C:\local\apache-maven-3.3.9\repository\org\apache\logging\log4j\log4j-to-slf4j\2.12.1\log4j-to-slf4j-2.12.1.jar;C:\local\apache-maven-3.3.9\repository\org\apache\logging\log4j\log4j-api\2.12.1\log4j-api-2.12.1.jar;C:\local\apache-maven-3.3.9\repository\org\slf4j\jul-to-slf4j\1.7.29\jul-to-slf4j-1.7.29.jar;C:\local\apache-maven-3.3.9\repository\jakarta\annotation\jakarta.annotation-api\1.3.5\jakarta.annotation-api-1.3.5.jar;C:\local\apache-maven-3.3.9\repository\org\yaml\snakeyaml\1.25\snakeyaml-1.25.jar;C:\local\apache-maven-3.3.9\repository\org\thymeleaf\thymeleaf-spring5\3.0.11.RELEASE\thymeleaf-spring5-3.0.11.RELEASE.jar;C:\local\apache-maven-3.3.9\repository\org\thymeleaf\thymeleaf\3.0.11.RELEASE\thymeleaf-3.0.11.RELEASE.jar;C:\local\apache-maven-3.3.9\repository\org\attoparser\attoparser\2.0.5.RELEASE\attoparser-2.0.5.RELEASE.jar;C:\local\apache-maven-3.3.9\repository\org\unbescape\unbescape\1.1.6.RELEASE\unbescape-1.1.6.RELEASE.jar;C:\local\apache-maven-3.3.9\repository\org\thymeleaf\extras\thymeleaf-extras-java8time\3.0.4.RELEASE\thymeleaf-extras-java8time-3.0.4.RELEASE.jar;C:\local\apache-maven-3.3.9\repository\org\springframework\boot\spring-boot-starter-web\2.2.2.RELEASE\spring-boot-starter-web-2.2.2.RELEASE.jar;C:\local\apache-maven-3.3.9\repository\org\springframework\boot\spring-boot-starter-json\2.2.2.RELEASE\spring-boot-starter-json-2.2.2.RELEASE.jar;C:\local\apache-maven-3.3.9\repository\com\fasterxml\jackson\core\jackson-databind\2.10.1\jackson-databind-2.10.1.jar;C:\local\apache-maven-3.3.9\repository\com\fasterxml\jackson\core\jackson-annotations\2.10.1\jackson-annotations-2.10.1.jar;C:\local\apache-maven-3.3.9\repository\com\fasterxml\jackson\core\jackson-core\2.10.1\jackson-core-2.10.1.jar;C:\local\apache-maven-3.3.9\repository\com\fasterxml\jackson\datatype\jackson-datatype-jdk8\2.10.1\jackson-datatype-jdk8-2.10.1.jar;C:\local\apache-maven-3.3.9\repository\com\fasterxml\jackson\datatype\jackson-datatype-jsr310\2.10.1\jackson-datatype-jsr310-2.10.1.jar;C:\local\apache-maven-3.3.9\repository\com\fasterxml\jackson\module\jackson-module-parameter-names\2.10.1\jackson-module-parameter-names-2.10.1.jar;C:\local\apache-maven-3.3.9\repository\org\springframework\boot\spring-boot-starter-tomcat\2.2.2.RELEASE\spring-boot-starter-tomcat-2.2.2.RELEASE.jar;C:\local\apache-maven-3.3.9\repository\org\apache\tomcat\embed\tomcat-embed-core\9.0.29\tomcat-embed-core-9.0.29.jar;C:\local\apache-maven-3.3.9\repository\org\apache\tomcat\embed\tomcat-embed-el\9.0.29\tomcat-embed-el-9.0.29.jar;C:\local\apache-maven-3.3.9\repository\org\apache\tomcat\embed\tomcat-embed-websocket\9.0.29\tomcat-embed-websocket-9.0.29.jar;C:\local\apache-maven-3.3.9\repository\org\springframework\boot\spring-boot-starter-validation\2.2.2.RELEASE\spring-boot-starter-validation-2.2.2.RELEASE.jar;C:\local\apache-maven-3.3.9\repository\jakarta\validation\jakarta.validation-api\2.0.1\jakarta.validation-api-2.0.1.jar;C:\local\apache-maven-3.3.9\repository\org\hibernate\validator\hibernate-validator\6.0.18.Final\hibernate-validator-6.0.18.Final.jar;C:\local\apache-maven-3.3.9\repository\org\jboss\logging\jboss-logging\3.4.1.Final\jboss-logging-3.4.1.Final.jar;C:\local\apache-maven-3.3.9\repository\com\fasterxml\classmate\1.5.1\classmate-1.5.1.jar;C:\local\apache-maven-3.3.9\repository\org\springframework\spring-web\5.2.2.RELEASE\spring-web-5.2.2.RELEASE.jar;C:\local\apache-maven-3.3.9\repository\org\springframework\spring-webmvc\5.2.2.RELEASE\spring-webmvc-5.2.2.RELEASE.jar;C:\local\apache-maven-3.3.9\repository\org\springframework\spring-aop\5.2.2.RELEASE\spring-aop-5.2.2.RELEASE.jar;C:\local\apache-maven-3.3.9\repository\org\springframework\spring-expression\5.2.2.RELEASE\spring-expression-5.2.2.RELEASE.jar;C:\local\apache-maven-3.3.9\repository\org\mybatis\spring\boot\mybatis-spring-boot-starter\2.1.1\mybatis-spring-boot-starter-2.1.1.jar;C:\local\apache-maven-3.3.9\repository\org\mybatis\spring\boot\mybatis-spring-boot-autoconfigure\2.1.1\mybatis-spring-boot-autoconfigure-2.1.1.jar;C:\local\apache-maven-3.3.9\repository\org\mybatis\mybatis\3.5.3\mybatis-3.5.3.jar;C:\local\apache-maven-3.3.9\repository\org\mybatis\mybatis-spring\2.0.3\mybatis-spring-2.0.3.jar;C:\local\apache-maven-3.3.9\repository\com\github\pagehelper\pagehelper-spring-boot-starter\1.2.13\pagehelper-spring-boot-starter-1.2.13.jar;C:\local\apache-maven-3.3.9\repository\com\github\pagehelper\pagehelper-spring-boot-autoconfigure\1.2.13\pagehelper-spring-boot-autoconfigure-1.2.13.jar;C:\local\apache-maven-3.3.9\repository\com\github\pagehelper\pagehelper\5.1.11\pagehelper-5.1.11.jar;C:\local\apache-maven-3.3.9\repository\com\github\jsqlparser\jsqlparser\2.0\jsqlparser-2.0.jar;C:\local\apache-maven-3.3.9\repository\com\alibaba\fastjson\1.2.58\fastjson-1.2.58.jar;C:\local\apache-maven-3.3.9\repository\com\alibaba\easyexcel\1.1.2-beat1\easyexcel-1.1.2-beat1.jar;C:\local\apache-maven-3.3.9\repository\org\apache\poi\poi\3.17\poi-3.17.jar;C:\local\apache-maven-3.3.9\repository\commons-codec\commons-codec\1.13\commons-codec-1.13.jar;C:\local\apache-maven-3.3.9\repository\org\apache\commons\commons-collections4\4.1\commons-collections4-4.1.jar;C:\local\apache-maven-3.3.9\repository\org\apache\poi\poi-ooxml\3.17\poi-ooxml-3.17.jar;C:\local\apache-maven-3.3.9\repository\org\apache\poi\poi-ooxml-schemas\3.17\poi-ooxml-schemas-3.17.jar;C:\local\apache-maven-3.3.9\repository\org\apache\xmlbeans\xmlbeans\2.6.0\xmlbeans-2.6.0.jar;C:\local\apache-maven-3.3.9\repository\stax\stax-api\1.0.1\stax-api-1.0.1.jar;C:\local\apache-maven-3.3.9\repository\com\github\virtuald\curvesapi\1.04\curvesapi-1.04.jar;C:\local\apache-maven-3.3.9\repository\cglib\cglib\3.1\cglib-3.1.jar;C:\local\apache-maven-3.3.9\repository\org\ow2\asm\asm\4.2\asm-4.2.jar;C:\local\apache-maven-3.3.9\repository\org\projectlombok\lombok\1.18.2\lombok-1.18.2.jar;C:\local\apache-maven-3.3.9\repository\org\apache\commons\commons-lang3\3.2.1\commons-lang3-3.2.1.jar;C:\local\apache-maven-3.3.9\repository\com\h2database\h2\1.4.200\h2-1.4.200.jar;C:\local\apache-maven-3.3.9\repository\org\springframework\boot\spring-boot-starter-test\2.2.2.RELEASE\spring-boot-starter-test-2.2.2.RELEASE.jar;C:\local\apache-maven-3.3.9\repository\org\springframework\boot\spring-boot-test\2.2.2.RELEASE\spring-boot-test-2.2.2.RELEASE.jar;C:\local\apache-maven-3.3.9\repository\org\springframework\boot\spring-boot-test-autoconfigure\2.2.2.RELEASE\spring-boot-test-autoconfigure-2.2.2.RELEASE.jar;C:\local\apache-maven-3.3.9\repository\com\jayway\jsonpath\json-path\2.4.0\json-path-2.4.0.jar;C:\local\apache-maven-3.3.9\repository\net\minidev\json-smart\2.3\json-smart-2.3.jar;C:\local\apache-maven-3.3.9\repository\net\minidev\accessors-smart\1.2\accessors-smart-1.2.jar;C:\local\apache-maven-3.3.9\repository\jakarta\xml\bind\jakarta.xml.bind-api\2.3.2\jakarta.xml.bind-api-2.3.2.jar;C:\local\apache-maven-3.3.9\repository\jakarta\activation\jakarta.activation-api\1.2.1\jakarta.activation-api-1.2.1.jar;C:\local\apache-maven-3.3.9\repository\org\junit\jupiter\junit-jupiter\5.5.2\junit-jupiter-5.5.2.jar;C:\local\apache-maven-3.3.9\repository\org\junit\jupiter\junit-jupiter-api\5.5.2\junit-jupiter-api-5.5.2.jar;C:\local\apache-maven-3.3.9\repository\org\apiguardian\apiguardian-api\1.1.0\apiguardian-api-1.1.0.jar;C:\local\apache-maven-3.3.9\repository\org\opentest4j\opentest4j\1.2.0\opentest4j-1.2.0.jar;C:\local\apache-maven-3.3.9\repository\org\junit\platform\junit-platform-commons\1.5.2\junit-platform-commons-1.5.2.jar;C:\local\apache-maven-3.3.9\repository\org\junit\jupiter\junit-jupiter-params\5.5.2\junit-jupiter-params-5.5.2.jar;C:\local\apache-maven-3.3.9\repository\org\junit\jupiter\junit-jupiter-engine\5.5.2\junit-jupiter-engine-5.5.2.jar;C:\local\apache-maven-3.3.9\repository\org\junit\platform\junit-platform-engine\1.5.2\junit-platform-engine-1.5.2.jar;C:\local\apache-maven-3.3.9\repository\org\mockito\mockito-junit-jupiter\3.1.0\mockito-junit-jupiter-3.1.0.jar;C:\local\apache-maven-3.3.9\repository\org\assertj\assertj-core\3.13.2\assertj-core-3.13.2.jar;C:\local\apache-maven-3.3.9\repository\org\hamcrest\hamcrest\2.1\hamcrest-2.1.jar;C:\local\apache-maven-3.3.9\repository\org\mockito\mockito-core\3.1.0\mockito-core-3.1.0.jar;C:\local\apache-maven-3.3.9\repository\net\bytebuddy\byte-buddy\1.10.4\byte-buddy-1.10.4.jar;C:\local\apache-maven-3.3.9\repository\net\bytebuddy\byte-buddy-agent\1.10.4\byte-buddy-agent-1.10.4.jar;C:\local\apache-maven-3.3.9\repository\org\objenesis\objenesis\2.6\objenesis-2.6.jar;C:\local\apache-maven-3.3.9\repository\org\skyscreamer\jsonassert\1.5.0\jsonassert-1.5.0.jar;C:\local\apache-maven-3.3.9\repository\com\vaadin\external\google\android-json\0.0.20131108.vaadin1\android-json-0.0.20131108.vaadin1.jar;C:\local\apache-maven-3.3.9\repository\org\springframework\spring-core\5.2.2.RELEASE\spring-core-5.2.2.RELEASE.jar;C:\local\apache-maven-3.3.9\repository\org\springframework\spring-jcl\5.2.2.RELEASE\spring-jcl-5.2.2.RELEASE.jar;C:\local\apache-maven-3.3.9\repository\org\springframework\spring-test\5.2.2.RELEASE\spring-test-5.2.2.RELEASE.jar;C:\local\apache-maven-3.3.9\repository\org\xmlunit\xmlunit-core\2.6.3\xmlunit-core-2.6.3.jar;"/>
    <property name="java.vm.vendor" value="Oracle Corporation"/>
    <property name="sun.arch.data.model" value="64"/>
    <property name="user.variant" value=""/>
    <property name="java.vendor.url" value="http://java.oracle.com/"/>
    <property name="user.timezone" value="Asia/Shanghai"/>
    <property name="java.vm.specification.version" value="1.8"/>
    <property name="os.name" value="Windows 10"/>
    <property name="user.country" value="CN"/>
    <property name="sun.java.launcher" value="SUN_STANDARD"/>
    <property name="sun.boot.library.path" value="C:\Program Files\Java\jdk1.8.0_151\jre\bin"/>
    <property name="sun.java.command" value="C:\Users\longh\AppData\Local\Temp\surefire7251156162951936906\surefirebooter2006735676521661756.jar C:\Users\longh\AppData\Local\Temp\surefire7251156162951936906 2020-09-20T17-43-10_021-jvmRun1 surefire3147508614820155728tmp surefire_0811081723450958909tmp"/>
    <property name="surefire.test.class.path" value="C:\local\code\picker\target\test-classes;C:\local\code\picker\target\classes;C:\local\apache-maven-3.3.9\repository\org\springframework\boot\spring-boot-starter-data-jdbc\2.2.2.RELEASE\spring-boot-starter-data-jdbc-2.2.2.RELEASE.jar;C:\local\apache-maven-3.3.9\repository\org\springframework\boot\spring-boot-starter-jdbc\2.2.2.RELEASE\spring-boot-starter-jdbc-2.2.2.RELEASE.jar;C:\local\apache-maven-3.3.9\repository\com\zaxxer\HikariCP\3.4.1\HikariCP-3.4.1.jar;C:\local\apache-maven-3.3.9\repository\org\springframework\spring-jdbc\5.2.2.RELEASE\spring-jdbc-5.2.2.RELEASE.jar;C:\local\apache-maven-3.3.9\repository\org\springframework\data\spring-data-jdbc\1.1.3.RELEASE\spring-data-jdbc-1.1.3.RELEASE.jar;C:\local\apache-maven-3.3.9\repository\org\springframework\data\spring-data-relational\1.1.3.RELEASE\spring-data-relational-1.1.3.RELEASE.jar;C:\local\apache-maven-3.3.9\repository\org\springframework\data\spring-data-commons\2.2.3.RELEASE\spring-data-commons-2.2.3.RELEASE.jar;C:\local\apache-maven-3.3.9\repository\org\springframework\spring-tx\5.2.2.RELEASE\spring-tx-5.2.2.RELEASE.jar;C:\local\apache-maven-3.3.9\repository\org\springframework\spring-context\5.2.2.RELEASE\spring-context-5.2.2.RELEASE.jar;C:\local\apache-maven-3.3.9\repository\org\springframework\spring-beans\5.2.2.RELEASE\spring-beans-5.2.2.RELEASE.jar;C:\local\apache-maven-3.3.9\repository\org\slf4j\slf4j-api\1.7.29\slf4j-api-1.7.29.jar;C:\local\apache-maven-3.3.9\repository\org\springframework\boot\spring-boot-starter-thymeleaf\2.2.2.RELEASE\spring-boot-starter-thymeleaf-2.2.2.RELEASE.jar;C:\local\apache-maven-3.3.9\repository\org\springframework\boot\spring-boot-starter\2.2.2.RELEASE\spring-boot-starter-2.2.2.RELEASE.jar;C:\local\apache-maven-3.3.9\repository\org\springframework\boot\spring-boot\2.2.2.RELEASE\spring-boot-2.2.2.RELEASE.jar;C:\local\apache-maven-3.3.9\repository\org\springframework\boot\spring-boot-autoconfigure\2.2.2.RELEASE\spring-boot-autoconfigure-2.2.2.RELEASE.jar;C:\local\apache-maven-3.3.9\repository\org\springframework\boot\spring-boot-starter-logging\2.2.2.RELEASE\spring-boot-starter-logging-2.2.2.RELEASE.jar;C:\local\apache-maven-3.3.9\repository\ch\qos\logback\logback-classic\1.2.3\logback-classic-1.2.3.jar;C:\local\apache-maven-3.3.9\repository\ch\qos\logback\logback-core\1.2.3\logback-core-1.2.3.jar;C:\local\apache-maven-3.3.9\repository\org\apache\logging\log4j\log4j-to-slf4j\2.12.1\log4j-to-slf4j-2.12.1.jar;C:\local\apache-maven-3.3.9\repository\org\apache\logging\log4j\log4j-api\2.12.1\log4j-api-2.12.1.jar;C:\local\apache-maven-3.3.9\repository\org\slf4j\jul-to-slf4j\1.7.29\jul-to-slf4j-1.7.29.jar;C:\local\apache-maven-3.3.9\repository\jakarta\annotation\jakarta.annotation-api\1.3.5\jakarta.annotation-api-1.3.5.jar;C:\local\apache-maven-3.3.9\repository\org\yaml\snakeyaml\1.25\snakeyaml-1.25.jar;C:\local\apache-maven-3.3.9\repository\org\thymeleaf\thymeleaf-spring5\3.0.11.RELEASE\thymeleaf-spring5-3.0.11.RELEASE.jar;C:\local\apache-maven-3.3.9\repository\org\thymeleaf\thymeleaf\3.0.11.RELEASE\thymeleaf-3.0.11.RELEASE.jar;C:\local\apache-maven-3.3.9\repository\org\attoparser\attoparser\2.0.5.RELEASE\attoparser-2.0.5.RELEASE.jar;C:\local\apache-maven-3.3.9\repository\org\unbescape\unbescape\1.1.6.RELEASE\unbescape-1.1.6.RELEASE.jar;C:\local\apache-maven-3.3.9\repository\org\thymeleaf\extras\thymeleaf-extras-java8time\3.0.4.RELEASE\thymeleaf-extras-java8time-3.0.4.RELEASE.jar;C:\local\apache-maven-3.3.9\repository\org\springframework\boot\spring-boot-starter-web\2.2.2.RELEASE\spring-boot-starter-web-2.2.2.RELEASE.jar;C:\local\apache-maven-3.3.9\repository\org\springframework\boot\spring-boot-starter-json\2.2.2.RELEASE\spring-boot-starter-json-2.2.2.RELEASE.jar;C:\local\apache-maven-3.3.9\repository\com\fasterxml\jackson\core\jackson-databind\2.10.1\jackson-databind-2.10.1.jar;C:\local\apache-maven-3.3.9\repository\com\fasterxml\jackson\core\jackson-annotations\2.10.1\jackson-annotations-2.10.1.jar;C:\local\apache-maven-3.3.9\repository\com\fasterxml\jackson\core\jackson-core\2.10.1\jackson-core-2.10.1.jar;C:\local\apache-maven-3.3.9\repository\com\fasterxml\jackson\datatype\jackson-datatype-jdk8\2.10.1\jackson-datatype-jdk8-2.10.1.jar;C:\local\apache-maven-3.3.9\repository\com\fasterxml\jackson\datatype\jackson-datatype-jsr310\2.10.1\jackson-datatype-jsr310-2.10.1.jar;C:\local\apache-maven-3.3.9\repository\com\fasterxml\jackson\module\jackson-module-parameter-names\2.10.1\jackson-module-parameter-names-2.10.1.jar;C:\local\apache-maven-3.3.9\repository\org\springframework\boot\spring-boot-starter-tomcat\2.2.2.RELEASE\spring-boot-starter-tomcat-2.2.2.RELEASE.jar;C:\local\apache-maven-3.3.9\repository\org\apache\tomcat\embed\tomcat-embed-core\9.0.29\tomcat-embed-core-9.0.29.jar;C:\local\apache-maven-3.3.9\repository\org\apache\tomcat\embed\tomcat-embed-el\9.0.29\tomcat-embed-el-9.0.29.jar;C:\local\apache-maven-3.3.9\repository\org\apache\tomcat\embed\tomcat-embed-websocket\9.0.29\tomcat-embed-websocket-9.0.29.jar;C:\local\apache-maven-3.3.9\repository\org\springframework\boot\spring-boot-starter-validation\2.2.2.RELEASE\spring-boot-starter-validation-2.2.2.RELEASE.jar;C:\local\apache-maven-3.3.9\repository\jakarta\validation\jakarta.validation-api\2.0.1\jakarta.validation-api-2.0.1.jar;C:\local\apache-maven-3.3.9\repository\org\hibernate\validator\hibernate-validator\6.0.18.Final\hibernate-validator-6.0.18.Final.jar;C:\local\apache-maven-3.3.9\repository\org\jboss\logging\jboss-logging\3.4.1.Final\jboss-logging-3.4.1.Final.jar;C:\local\apache-maven-3.3.9\repository\com\fasterxml\classmate\1.5.1\classmate-1.5.1.jar;C:\local\apache-maven-3.3.9\repository\org\springframework\spring-web\5.2.2.RELEASE\spring-web-5.2.2.RELEASE.jar;C:\local\apache-maven-3.3.9\repository\org\springframework\spring-webmvc\5.2.2.RELEASE\spring-webmvc-5.2.2.RELEASE.jar;C:\local\apache-maven-3.3.9\repository\org\springframework\spring-aop\5.2.2.RELEASE\spring-aop-5.2.2.RELEASE.jar;C:\local\apache-maven-3.3.9\repository\org\springframework\spring-expression\5.2.2.RELEASE\spring-expression-5.2.2.RELEASE.jar;C:\local\apache-maven-3.3.9\repository\org\mybatis\spring\boot\mybatis-spring-boot-starter\2.1.1\mybatis-spring-boot-starter-2.1.1.jar;C:\local\apache-maven-3.3.9\repository\org\mybatis\spring\boot\mybatis-spring-boot-autoconfigure\2.1.1\mybatis-spring-boot-autoconfigure-2.1.1.jar;C:\local\apache-maven-3.3.9\repository\org\mybatis\mybatis\3.5.3\mybatis-3.5.3.jar;C:\local\apache-maven-3.3.9\repository\org\mybatis\mybatis-spring\2.0.3\mybatis-spring-2.0.3.jar;C:\local\apache-maven-3.3.9\repository\com\github\pagehelper\pagehelper-spring-boot-starter\1.2.13\pagehelper-spring-boot-starter-1.2.13.jar;C:\local\apache-maven-3.3.9\repository\com\github\pagehelper\pagehelper-spring-boot-autoconfigure\1.2.13\pagehelper-spring-boot-autoconfigure-1.2.13.jar;C:\local\apache-maven-3.3.9\repository\com\github\pagehelper\pagehelper\5.1.11\pagehelper-5.1.11.jar;C:\local\apache-maven-3.3.9\repository\com\github\jsqlparser\jsqlparser\2.0\jsqlparser-2.0.jar;C:\local\apache-maven-3.3.9\repository\com\alibaba\fastjson\1.2.58\fastjson-1.2.58.jar;C:\local\apache-maven-3.3.9\repository\com\alibaba\easyexcel\1.1.2-beat1\easyexcel-1.1.2-beat1.jar;C:\local\apache-maven-3.3.9\repository\org\apache\poi\poi\3.17\poi-3.17.jar;C:\local\apache-maven-3.3.9\repository\commons-codec\commons-codec\1.13\commons-codec-1.13.jar;C:\local\apache-maven-3.3.9\repository\org\apache\commons\commons-collections4\4.1\commons-collections4-4.1.jar;C:\local\apache-maven-3.3.9\repository\org\apache\poi\poi-ooxml\3.17\poi-ooxml-3.17.jar;C:\local\apache-maven-3.3.9\repository\org\apache\poi\poi-ooxml-schemas\3.17\poi-ooxml-schemas-3.17.jar;C:\local\apache-maven-3.3.9\repository\org\apache\xmlbeans\xmlbeans\2.6.0\xmlbeans-2.6.0.jar;C:\local\apache-maven-3.3.9\repository\stax\stax-api\1.0.1\stax-api-1.0.1.jar;C:\local\apache-maven-3.3.9\repository\com\github\virtuald\curvesapi\1.04\curvesapi-1.04.jar;C:\local\apache-maven-3.3.9\repository\cglib\cglib\3.1\cglib-3.1.jar;C:\local\apache-maven-3.3.9\repository\org\ow2\asm\asm\4.2\asm-4.2.jar;C:\local\apache-maven-3.3.9\repository\org\projectlombok\lombok\1.18.2\lombok-1.18.2.jar;C:\local\apache-maven-3.3.9\repository\org\apache\commons\commons-lang3\3.2.1\commons-lang3-3.2.1.jar;C:\local\apache-maven-3.3.9\repository\com\h2database\h2\1.4.200\h2-1.4.200.jar;C:\local\apache-maven-3.3.9\repository\org\springframework\boot\spring-boot-starter-test\2.2.2.RELEASE\spring-boot-starter-test-2.2.2.RELEASE.jar;C:\local\apache-maven-3.3.9\repository\org\springframework\boot\spring-boot-test\2.2.2.RELEASE\spring-boot-test-2.2.2.RELEASE.jar;C:\local\apache-maven-3.3.9\repository\org\springframework\boot\spring-boot-test-autoconfigure\2.2.2.RELEASE\spring-boot-test-autoconfigure-2.2.2.RELEASE.jar;C:\local\apache-maven-3.3.9\repository\com\jayway\jsonpath\json-path\2.4.0\json-path-2.4.0.jar;C:\local\apache-maven-3.3.9\repository\net\minidev\json-smart\2.3\json-smart-2.3.jar;C:\local\apache-maven-3.3.9\repository\net\minidev\accessors-smart\1.2\accessors-smart-1.2.jar;C:\local\apache-maven-3.3.9\repository\jakarta\xml\bind\jakarta.xml.bind-api\2.3.2\jakarta.xml.bind-api-2.3.2.jar;C:\local\apache-maven-3.3.9\repository\jakarta\activation\jakarta.activation-api\1.2.1\jakarta.activation-api-1.2.1.jar;C:\local\apache-maven-3.3.9\repository\org\junit\jupiter\junit-jupiter\5.5.2\junit-jupiter-5.5.2.jar;C:\local\apache-maven-3.3.9\repository\org\junit\jupiter\junit-jupiter-api\5.5.2\junit-jupiter-api-5.5.2.jar;C:\local\apache-maven-3.3.9\repository\org\apiguardian\apiguardian-api\1.1.0\apiguardian-api-1.1.0.jar;C:\local\apache-maven-3.3.9\repository\org\opentest4j\opentest4j\1.2.0\opentest4j-1.2.0.jar;C:\local\apache-maven-3.3.9\repository\org\junit\platform\junit-platform-commons\1.5.2\junit-platform-commons-1.5.2.jar;C:\local\apache-maven-3.3.9\repository\org\junit\jupiter\junit-jupiter-params\5.5.2\junit-jupiter-params-5.5.2.jar;C:\local\apache-maven-3.3.9\repository\org\junit\jupiter\junit-jupiter-engine\5.5.2\junit-jupiter-engine-5.5.2.jar;C:\local\apache-maven-3.3.9\repository\org\junit\platform\junit-platform-engine\1.5.2\junit-platform-engine-1.5.2.jar;C:\local\apache-maven-3.3.9\repository\org\mockito\mockito-junit-jupiter\3.1.0\mockito-junit-jupiter-3.1.0.jar;C:\local\apache-maven-3.3.9\repository\org\assertj\assertj-core\3.13.2\assertj-core-3.13.2.jar;C:\local\apache-maven-3.3.9\repository\org\hamcrest\hamcrest\2.1\hamcrest-2.1.jar;C:\local\apache-maven-3.3.9\repository\org\mockito\mockito-core\3.1.0\mockito-core-3.1.0.jar;C:\local\apache-maven-3.3.9\repository\net\bytebuddy\byte-buddy\1.10.4\byte-buddy-1.10.4.jar;C:\local\apache-maven-3.3.9\repository\net\bytebuddy\byte-buddy-agent\1.10.4\byte-buddy-agent-1.10.4.jar;C:\local\apache-maven-3.3.9\repository\org\objenesis\objenesis\2.6\objenesis-2.6.jar;C:\local\apache-maven-3.3.9\repository\org\skyscreamer\jsonassert\1.5.0\jsonassert-1.5.0.jar;C:\local\apache-maven-3.3.9\repository\com\vaadin\external\google\android-json\0.0.20131108.vaadin1\android-json-0.0.20131108.vaadin1.jar;C:\local\apache-maven-3.3.9\repository\org\springframework\spring-core\5.2.2.RELEASE\spring-core-5.2.2.RELEASE.jar;C:\local\apache-maven-3.3.9\repository\org\springframework\spring-jcl\5.2.2.RELEASE\spring-jcl-5.2.2.RELEASE.jar;C:\local\apache-maven-3.3.9\repository\org\springframework\spring-test\5.2.2.RELEASE\spring-test-5.2.2.RELEASE.jar;C:\local\apache-maven-3.3.9\repository\org\xmlunit\xmlunit-core\2.6.3\xmlunit-core-2.6.3.jar;"/>
    <property name="sun.cpu.endian" value="little"/>
    <property name="user.home" value="C:\Users\longh"/>
    <property name="user.language" value="zh"/>
    <property name="java.specification.vendor" value="Oracle Corporation"/>
    <property name="java.home" value="C:\Program Files\Java\jdk1.8.0_151\jre"/>
    <property name="basedir" value="C:\local\code\picker"/>
    <property name="file.separator" value="\"/>
    <property name="line.separator" value="&#10;"/>
    <property name="java.vm.specification.vendor" value="Oracle Corporation"/>
    <property name="java.specification.name" value="Java Platform API Specification"/>
    <property name="java.awt.graphicsenv" value="sun.awt.Win32GraphicsEnvironment"/>
    <property name="surefire.real.class.path" value="C:\Users\longh\AppData\Local\Temp\surefire7251156162951936906\surefirebooter2006735676521661756.jar"/>
    <property name="sun.boot.class.path" value="C:\Program Files\Java\jdk1.8.0_151\jre\lib\resources.jar;C:\Program Files\Java\jdk1.8.0_151\jre\lib\rt.jar;C:\Program Files\Java\jdk1.8.0_151\jre\lib\sunrsasign.jar;C:\Program Files\Java\jdk1.8.0_151\jre\lib\jsse.jar;C:\Program Files\Java\jdk1.8.0_151\jre\lib\jce.jar;C:\Program Files\Java\jdk1.8.0_151\jre\lib\charsets.jar;C:\Program Files\Java\jdk1.8.0_151\jre\lib\jfr.jar;C:\Program Files\Java\jdk1.8.0_151\jre\classes"/>
    <property name="user.script" value=""/>
    <property name="sun.management.compiler" value="HotSpot 64-Bit Tiered Compilers"/>
    <property name="java.runtime.version" value="1.8.0_151-b12"/>
    <property name="user.name" value="longh"/>
    <property name="path.separator" value=";"/>
    <property name="os.version" value="10.0"/>
    <property name="java.endorsed.dirs" value="C:\Program Files\Java\jdk1.8.0_151\jre\lib\endorsed"/>
    <property name="java.runtime.name" value="Java(TM) SE Runtime Environment"/>
    <property name="file.encoding" value="GBK"/>
    <property name="java.vm.name" value="Java HotSpot(TM) 64-Bit Server VM"/>
    <property name="localRepository" value="C:\local\apache-maven-3.3.9\repository"/>
    <property name="java.vendor.url.bug" value="http://bugreport.sun.com/bugreport/"/>
    <property name="java.io.tmpdir" value="C:\Users\longh\AppData\Local\Temp\"/>
    <property name="idea.version" value="2017.2.5"/>
    <property name="java.version" value="1.8.0_151"/>
    <property name="user.dir" value="C:\local\code\picker"/>
    <property name="os.arch" value="amd64"/>
    <property name="java.vm.specification.name" value="Java Virtual Machine Specification"/>
    <property name="java.awt.printerjob" value="sun.awt.windows.WPrinterJob"/>
    <property name="sun.os.patch.level" value=""/>
    <property name="java.library.path" value="C:\Program Files\Java\jdk1.8.0_151\jre\bin;C:\WINDOWS\Sun\Java\bin;C:\WINDOWS\system32;C:\WINDOWS;C:\ProgramData\Oracle\Java\javapath;C:\WINDOWS\system32;C:\WINDOWS;C:\WINDOWS\System32\Wbem;C:\WINDOWS\System32\WindowsPowerShell\v1.0\;C:\Program Files\Java\jdk1.8.0_1511\bin1;C:\local\apache-maven-3.3.9\bin;C:\WINDOWS\System32\OpenSSH\;C:\Program Files\Git\cmd;C:\Program Files\Intel\WiFi\bin\;C:\Program Files\Common Files\Intel\WirelessCommon\;C:\Program Files (x86)\Intel\Intel(R) Management Engine Components\DAL;C:\Program Files\Intel\Intel(R) Management Engine Components\DAL;C:\local\Anaconda;C:\local\Anaconda\Library\mingw-w64\bin;C:\local\Anaconda\Library\usr\bin;C:\local\Anaconda\Library\bin;C:\local\Anaconda\Scripts;C:\local\python_l\Scripts\;C:\local\python_l\;C:\Users\longh\AppData\Local\Microsoft\WindowsApps;C:\Users\longh\AppData\Local\GitHubDesktop\bin;C:\Users\longh\AppData\Local\BypassRuntm;."/>
    <property name="java.vm.info" value="mixed mode"/>
    <property name="java.vendor" value="Oracle Corporation"/>
    <property name="java.vm.version" value="25.151-b12"/>
    <property name="java.ext.dirs" value="C:\Program Files\Java\jdk1.8.0_151\jre\lib\ext;C:\WINDOWS\Sun\Java\lib\ext"/>
    <property name="sun.io.unicode.encoding" value="UnicodeLittle"/>
    <property name="maven.repo.local" value="C:\local\apache-maven-3.3.9\repository"/>
    <property name="java.class.version" value="52.0"/>
  </properties>
  <testcase name="contextLoads" classname="com.antel.picker.PickerApplicationTests" time="0.461"/>
</testsuite>